/Library/Frameworks/Python.framework/Versions/3.9/lib/python3.9/site-packages/google/api_core/_python_version_support.py:246: FutureWarning: You are using a non-supported Python version (3.9.12). Google will not post any further updates to google.api_core supporting this Python version. Please upgrade to the latest Python version, or at least Python 3.10, and then update google.api_core.
  warnings.warn(message, FutureWarning)

==================================================
=== Paper Video Generation for: 2026-01-29 (Manual Override) ===

=== Phase 1: Fetching Papers for 2026-01-29 ===
Fetching papers for: EEG OR "brain waves" OR "brain-computer interface" (days_back=2)
arXiv: 5 papers
Scopus: 1 papers
Filtered papers by target_date=2026-01-29: 5/6
Total papers: 5

=== Phase 2: Generating Script ===
Generating paper review script for 5 papers...
Attempt 1/3...
Script saved to script.json

=== Phase 3: Generating Audio ===
Processing 40 lines of dialogue...
[1/40] Generating 青山龍星: 2026年1月29日、今日の脳波（EEG...
[2/40] Generating 青山龍星: まず最初に、脳波（EEG）を使った認知負...
[3/40] Generating 青山龍星: 論文タイトルは『Cognitive Lo...
[4/40] Generating 青山龍星: 背景として、BCI（Brain-Comp...
[5/40] Generating 青山龍星: しかし従来の手法は被験者間で大きく差が出...
[6/40] Generating 青山龍星: そこで本研究ではBrain Founda...
[7/40] Generating 青山龍星: 手法はBFMsを長期EEGモニタリングに...
[8/40] Generating 青山龍星: 主な結果として、被験者間の変動を抑えつつ...
[9/40] Generating 青山龍星: 限界としては、データセットが限定的であり...
[10/40] Generating 青山龍星: 次に、視覚情報デコードの課題を扱った論文...
[11/40] Generating 青山龍星: 『Deep Models, Shallo...
